<?xml version="1.0" encoding="UTF-8"?>
<testng-results ignored="0" total="1" passed="1" failed="0" skipped="0">
  <reporter-output>
  </reporter-output>
  <suite started-at="2023-11-17T16:38:23 IST" name="Default suite" finished-at="2023-11-17T16:38:40 IST" duration-ms="17216">
    <groups>
    </groups>
    <test started-at="2023-11-17T16:38:23 IST" name="Default test" finished-at="2023-11-17T16:38:40 IST" duration-ms="17216">
      <class name="com.testcases.TC_LoginTest_01">
        <test-method is-config="true" signature="setup()[pri:0, instance:com.testcases.TC_LoginTest_01@524f3b3a]" started-at="2023-11-17T16:38:23 IST" name="setup" finished-at="2023-11-17T16:38:25 IST" duration-ms="2116" status="PASS">
          <reporter-output>
          </reporter-output>
        </test-method> <!-- setup -->
        <test-method signature="loginTest()[pri:0, instance:com.testcases.TC_LoginTest_01@524f3b3a]" started-at="2023-11-17T16:38:25 IST" name="loginTest" finished-at="2023-11-17T16:38:40 IST" duration-ms="14788" status="PASS">
          <reporter-output>
          </reporter-output>
        </test-method> <!-- loginTest -->
        <test-method is-config="true" signature="tearDown()[pri:0, instance:com.testcases.TC_LoginTest_01@524f3b3a]" started-at="2023-11-17T16:38:40 IST" name="tearDown" finished-at="2023-11-17T16:38:40 IST" duration-ms="194" status="PASS">
          <reporter-output>
          </reporter-output>
        </test-method> <!-- tearDown -->
      </class> <!-- com.testcases.TC_LoginTest_01 -->
    </test> <!-- Default test -->
  </suite> <!-- Default suite -->
</testng-results>
